<?xml version="1.0" encoding="UTF-8"?>
<!-- Generated by org.testng.reporters.JUnitReportReporter -->
<testsuite hostname="LAPTOP-1S7KVVBR" failures="0" tests="5" name="api.tests.QtripApiTests" time="8.041" errors="0" timestamp="2025-03-31T17:05:52 IST" skipped="0">
  <testcase classname="api.tests.QtripApiTests" name="verifyRegisterResponse" time="3.078"/>
  <testcase classname="api.tests.QtripApiTests" name="verifyLoginResponse" time="1.477"/>
  <testcase classname="api.tests.QtripApiTests" name="veriyGetCitiesResponse" time="1.613"/>
  <testcase classname="api.tests.QtripApiTests" name="veriyGetCityResponse" time="0.917"/>
  <testcase classname="api.tests.QtripApiTests" name="veriyGetReservationResponse" time="0.956"/>
</testsuite> <!-- api.tests.QtripApiTests -->
